{"uid":"165eb6ba88db1535","name":"log in simple test -- @1.1 credentials","fullName":"child support login and Create basic Worksheet functionality: log in simple test","historyId":"a4d163d91bcb0ca796cdda6ea919d18f","time":{"start":1729012490261,"stop":1729012523149,"duration":32888},"status":"broken","statusMessage":"selenium.common.exceptions.NoSuchElementException: Message: no such element: Unable to locate element: {\"method\":\"xpath\",\"selector\":\"/html/body/div[3]/div[3]/div[2]/div/div/div[1]/div/div/div/input\"}\n  (Session info: chrome=129.0.6668.100); For documentation on this error, please visit: https://www.selenium.dev/documentation/webdriver/troubleshooting/errors#no-such-element-exception\nStacktrace:\n#0 0x586445f45b9a <unknown>\n#1 0x586445c2b670 <unknown>\n#2 0x586445c7ac48 <unknown>\n#3 0x586445c7aee1 <unknown>\n#4 0x586445cc1924 <unknown>\n#5 0x586445c9fbad <unknown>\n#6 0x586445cbedd6 <unknown>\n#7 0x586445c9f923 <unknown>\n#8 0x586445c6d6e7 <unknown>\n#9 0x586445c6e6de <unknown>\n#10 0x586445f0f66b <unknown>\n#11 0x586445f13611 <unknown>\n#12 0x586445efb4e5 <unknown>\n#13 0x586445f14192 <unknown>\n#14 0x586445ee06ef <unknown>\n#15 0x586445f349d8 <unknown>\n#16 0x586445f34ba7 <unknown>\n#17 0x586445f449ec <unknown>\n#18 0x717530294ac3 <unknown>\n\n","statusTrace":"  File \"/home/abhyudayandugula/Desktop/CSC_Automation/env/lib/python3.10/site-packages/behave/model.py\", line 1329, in run\n    match.run(runner.context)\n  File \"/home/abhyudayandugula/Desktop/CSC_Automation/env/lib/python3.10/site-packages/behave/matchers.py\", line 98, in run\n    self.func(context, *args, **kwargs)\n  File \"features/steps/createbasicworksheet.py\", line 143, in step_when_add_child_to_worksheet\n    child_name = context.driver.find_element(By.XPATH, \"/html/body/div[3]/div[3]/div[2]/div/div/div[1]/div/div/div/input\")\n  File \"/home/abhyudayandugula/Desktop/CSC_Automation/env/lib/python3.10/site-packages/selenium/webdriver/remote/webdriver.py\", line 748, in find_element\n    return self.execute(Command.FIND_ELEMENT, {\"using\": by, \"value\": value})[\"value\"]\n  File \"/home/abhyudayandugula/Desktop/CSC_Automation/env/lib/python3.10/site-packages/selenium/webdriver/remote/webdriver.py\", line 354, in execute\n    self.error_handler.check_response(response)\n  File \"/home/abhyudayandugula/Desktop/CSC_Automation/env/lib/python3.10/site-packages/selenium/webdriver/remote/errorhandler.py\", line 229, in check_response\n    raise exception_class(message, screen, stacktrace)\n","flaky":false,"newFailed":false,"newBroken":false,"newPassed":false,"retriesCount":0,"retriesStatusChange":false,"beforeStages":[],"testStage":{"status":"broken","statusMessage":"selenium.common.exceptions.NoSuchElementException: Message: no such element: Unable to locate element: {\"method\":\"xpath\",\"selector\":\"/html/body/div[3]/div[3]/div[2]/div/div/div[1]/div/div/div/input\"}\n  (Session info: chrome=129.0.6668.100); For documentation on this error, please visit: https://www.selenium.dev/documentation/webdriver/troubleshooting/errors#no-such-element-exception\nStacktrace:\n#0 0x586445f45b9a <unknown>\n#1 0x586445c2b670 <unknown>\n#2 0x586445c7ac48 <unknown>\n#3 0x586445c7aee1 <unknown>\n#4 0x586445cc1924 <unknown>\n#5 0x586445c9fbad <unknown>\n#6 0x586445cbedd6 <unknown>\n#7 0x586445c9f923 <unknown>\n#8 0x586445c6d6e7 <unknown>\n#9 0x586445c6e6de <unknown>\n#10 0x586445f0f66b <unknown>\n#11 0x586445f13611 <unknown>\n#12 0x586445efb4e5 <unknown>\n#13 0x586445f14192 <unknown>\n#14 0x586445ee06ef <unknown>\n#15 0x586445f349d8 <unknown>\n#16 0x586445f34ba7 <unknown>\n#17 0x586445f449ec <unknown>\n#18 0x717530294ac3 <unknown>\n\n","statusTrace":"  File \"/home/abhyudayandugula/Desktop/CSC_Automation/env/lib/python3.10/site-packages/behave/model.py\", line 1329, in run\n    match.run(runner.context)\n  File \"/home/abhyudayandugula/Desktop/CSC_Automation/env/lib/python3.10/site-packages/behave/matchers.py\", line 98, in run\n    self.func(context, *args, **kwargs)\n  File \"features/steps/createbasicworksheet.py\", line 143, in step_when_add_child_to_worksheet\n    child_name = context.driver.find_element(By.XPATH, \"/html/body/div[3]/div[3]/div[2]/div/div/div[1]/div/div/div/input\")\n  File \"/home/abhyudayandugula/Desktop/CSC_Automation/env/lib/python3.10/site-packages/selenium/webdriver/remote/webdriver.py\", line 748, in find_element\n    return self.execute(Command.FIND_ELEMENT, {\"using\": by, \"value\": value})[\"value\"]\n  File \"/home/abhyudayandugula/Desktop/CSC_Automation/env/lib/python3.10/site-packages/selenium/webdriver/remote/webdriver.py\", line 354, in execute\n    self.error_handler.check_response(response)\n  File \"/home/abhyudayandugula/Desktop/CSC_Automation/env/lib/python3.10/site-packages/selenium/webdriver/remote/errorhandler.py\", line 229, in check_response\n    raise exception_class(message, screen, stacktrace)\n","steps":[{"name":"When we input correct credentials \"admin@gmail.com\" and \"admin\" for basic worksheet","time":{"start":1729012490693,"stop":1729012499471,"duration":8778},"status":"passed","steps":[{"name":"Log (INFO) Navigated to login page","time":{"start":1729012499146,"stop":1729012499146,"duration":0},"status":"passed","steps":[],"attachments":[],"parameters":[],"stepsCount":0,"shouldDisplayMessage":false,"attachmentsCount":0,"hasContent":false,"attachmentStep":false}],"attachments":[],"parameters":[],"stepsCount":1,"shouldDisplayMessage":false,"attachmentsCount":0,"hasContent":true,"attachmentStep":false},{"name":"Then login will be successful for creating basic worksheet","time":{"start":1729012499471,"stop":1729012502629,"duration":3158},"status":"passed","steps":[{"name":"Log (INFO) Login is successful","time":{"start":1729012502629,"stop":1729012502629,"duration":0},"status":"passed","steps":[],"attachments":[],"parameters":[],"stepsCount":0,"shouldDisplayMessage":false,"attachmentsCount":0,"hasContent":false,"attachmentStep":false}],"attachments":[],"parameters":[],"stepsCount":1,"shouldDisplayMessage":false,"attachmentsCount":0,"hasContent":true,"attachmentStep":false},{"name":"When Wait for the parent element of the dropdown to be visible and Scroll to the worksheet dropdown parent and click for basic worksheet","time":{"start":1729012502629,"stop":1729012502682,"duration":53},"status":"passed","steps":[],"attachments":[],"parameters":[],"stepsCount":0,"shouldDisplayMessage":false,"attachmentsCount":0,"hasContent":false,"attachmentStep":false},{"name":"Then Wait until the dropdown options are visible and click the \"Create Worksheet\" option for basic worksheet","time":{"start":1729012502682,"stop":1729012505429,"duration":2747},"status":"passed","steps":[],"attachments":[],"parameters":[],"stepsCount":0,"shouldDisplayMessage":false,"attachmentsCount":0,"hasContent":false,"attachmentStep":false},{"name":"Then I fill the details in the basic information page for basic worksheet","time":{"start":1729012505430,"stop":1729012520988,"duration":15558},"status":"passed","steps":[],"attachments":[],"parameters":[],"stepsCount":0,"shouldDisplayMessage":false,"attachmentsCount":0,"hasContent":false,"attachmentStep":false},{"name":"Then I click add child button and add child details in basic worksheet","time":{"start":1729012520988,"stop":1729012523042,"duration":2054},"status":"broken","statusMessage":"selenium.common.exceptions.NoSuchElementException: Message: no such element: Unable to locate element: {\"method\":\"xpath\",\"selector\":\"/html/body/div[3]/div[3]/div[2]/div/div/div[1]/div/div/div/input\"}\n  (Session info: chrome=129.0.6668.100); For documentation on this error, please visit: https://www.selenium.dev/documentation/webdriver/troubleshooting/errors#no-such-element-exception\nStacktrace:\n#0 0x586445f45b9a <unknown>\n#1 0x586445c2b670 <unknown>\n#2 0x586445c7ac48 <unknown>\n#3 0x586445c7aee1 <unknown>\n#4 0x586445cc1924 <unknown>\n#5 0x586445c9fbad <unknown>\n#6 0x586445cbedd6 <unknown>\n#7 0x586445c9f923 <unknown>\n#8 0x586445c6d6e7 <unknown>\n#9 0x586445c6e6de <unknown>\n#10 0x586445f0f66b <unknown>\n#11 0x586445f13611 <unknown>\n#12 0x586445efb4e5 <unknown>\n#13 0x586445f14192 <unknown>\n#14 0x586445ee06ef <unknown>\n#15 0x586445f349d8 <unknown>\n#16 0x586445f34ba7 <unknown>\n#17 0x586445f449ec <unknown>\n#18 0x717530294ac3 <unknown>\n\n","statusTrace":"  File \"/home/abhyudayandugula/Desktop/CSC_Automation/env/lib/python3.10/site-packages/behave/model.py\", line 1329, in run\n    match.run(runner.context)\n  File \"/home/abhyudayandugula/Desktop/CSC_Automation/env/lib/python3.10/site-packages/behave/matchers.py\", line 98, in run\n    self.func(context, *args, **kwargs)\n  File \"features/steps/createbasicworksheet.py\", line 143, in step_when_add_child_to_worksheet\n    child_name = context.driver.find_element(By.XPATH, \"/html/body/div[3]/div[3]/div[2]/div/div/div[1]/div/div/div/input\")\n  File \"/home/abhyudayandugula/Desktop/CSC_Automation/env/lib/python3.10/site-packages/selenium/webdriver/remote/webdriver.py\", line 748, in find_element\n    return self.execute(Command.FIND_ELEMENT, {\"using\": by, \"value\": value})[\"value\"]\n  File \"/home/abhyudayandugula/Desktop/CSC_Automation/env/lib/python3.10/site-packages/selenium/webdriver/remote/webdriver.py\", line 354, in execute\n    self.error_handler.check_response(response)\n  File \"/home/abhyudayandugula/Desktop/CSC_Automation/env/lib/python3.10/site-packages/selenium/webdriver/remote/errorhandler.py\", line 229, in check_response\n    raise exception_class(message, screen, stacktrace)\n","steps":[],"attachments":[],"parameters":[],"stepsCount":0,"shouldDisplayMessage":true,"attachmentsCount":0,"hasContent":true,"attachmentStep":false},{"name":"Then click on Gross income schedule A in basic worksheet","time":{"start":1729012523149,"stop":1729012523149,"duration":0},"status":"skipped","steps":[],"attachments":[],"parameters":[],"stepsCount":0,"shouldDisplayMessage":false,"attachmentsCount":0,"hasContent":false,"attachmentStep":false},{"name":"Then I redirect to Gross income schedule A and fill the gross income basic details","time":{"start":1729012523149,"stop":1729012523149,"duration":0},"status":"skipped","steps":[],"attachments":[],"parameters":[],"stepsCount":0,"shouldDisplayMessage":false,"attachmentsCount":0,"hasContent":false,"attachmentStep":false},{"name":"And I click the save worksheet button for basic worksheet","time":{"start":1729012523149,"stop":1729012523149,"duration":0},"status":"skipped","steps":[],"attachments":[],"parameters":[],"stepsCount":0,"shouldDisplayMessage":false,"attachmentsCount":0,"hasContent":false,"attachmentStep":false},{"name":"And I enter the description and click save for basic worksheet","time":{"start":1729012523149,"stop":1729012523149,"duration":0},"status":"skipped","steps":[],"attachments":[],"parameters":[],"stepsCount":0,"shouldDisplayMessage":false,"attachmentsCount":0,"hasContent":false,"attachmentStep":false},{"name":"And worksheet created succesfully for basic worksheet","time":{"start":1729012523149,"stop":1729012523149,"duration":0},"status":"skipped","steps":[],"attachments":[],"parameters":[],"stepsCount":0,"shouldDisplayMessage":false,"attachmentsCount":0,"hasContent":false,"attachmentStep":false}],"attachments":[],"parameters":[],"stepsCount":13,"shouldDisplayMessage":false,"attachmentsCount":0,"hasContent":true,"attachmentStep":false},"afterStages":[],"labels":[{"name":"severity","value":"normal"},{"name":"tag","value":"createbasicworksheet"},{"name":"feature","value":"child support login and Create basic Worksheet functionality"},{"name":"framework","value":"behave"},{"name":"language","value":"cpython3"},{"name":"resultFormat","value":"allure2"}],"parameters":[{"name":"login_id","value":"admin@gmail.com"},{"name":"password","value":"admin"}],"links":[],"hidden":true,"retry":true,"extra":{"categories":[],"tags":["createbasicworksheet"]},"source":"165eb6ba88db1535.json","parameterValues":["admin@gmail.com","admin"]}