{"uid":"e0a5a506c7d6f810","name":"log in simple test -- @1.1 credentials","fullName":"child support login and Create basic Worksheet functionality: log in simple test","historyId":"a4d163d91bcb0ca796cdda6ea919d18f","time":{"start":1729012849321,"stop":1729012879722,"duration":30401},"status":"broken","statusMessage":"selenium.common.exceptions.NoSuchElementException: Message: no such element: Unable to locate element: {\"method\":\"xpath\",\"selector\":\"/html/body/div[3]/div[3]/div[2]/div/div/div[1]/div/div/div/input\"}\n  (Session info: chrome=129.0.6668.100); For documentation on this error, please visit: https://www.selenium.dev/documentation/webdriver/troubleshooting/errors#no-such-element-exception\nStacktrace:\n#0 0x5cf60cb2db9a <unknown>\n#1 0x5cf60c813670 <unknown>\n#2 0x5cf60c862c48 <unknown>\n#3 0x5cf60c862ee1 <unknown>\n#4 0x5cf60c8a9924 <unknown>\n#5 0x5cf60c887bad <unknown>\n#6 0x5cf60c8a6dd6 <unknown>\n#7 0x5cf60c887923 <unknown>\n#8 0x5cf60c8556e7 <unknown>\n#9 0x5cf60c8566de <unknown>\n#10 0x5cf60caf766b <unknown>\n#11 0x5cf60cafb611 <unknown>\n#12 0x5cf60cae34e5 <unknown>\n#13 0x5cf60cafc192 <unknown>\n#14 0x5cf60cac86ef <unknown>\n#15 0x5cf60cb1c9d8 <unknown>\n#16 0x5cf60cb1cba7 <unknown>\n#17 0x5cf60cb2c9ec <unknown>\n#18 0x7a65bf494ac3 <unknown>\n\n","statusTrace":"  File \"/home/abhyudayandugula/Desktop/CSC_Automation/env/lib/python3.10/site-packages/behave/model.py\", line 1329, in run\n    match.run(runner.context)\n  File \"/home/abhyudayandugula/Desktop/CSC_Automation/env/lib/python3.10/site-packages/behave/matchers.py\", line 98, in run\n    self.func(context, *args, **kwargs)\n  File \"features/steps/createbasicworksheet.py\", line 143, in step_when_add_child_to_worksheet\n    child_name = context.driver.find_element(By.XPATH, \"/html/body/div[3]/div[3]/div[2]/div/div/div[1]/div/div/div/input\")\n  File \"/home/abhyudayandugula/Desktop/CSC_Automation/env/lib/python3.10/site-packages/selenium/webdriver/remote/webdriver.py\", line 748, in find_element\n    return self.execute(Command.FIND_ELEMENT, {\"using\": by, \"value\": value})[\"value\"]\n  File \"/home/abhyudayandugula/Desktop/CSC_Automation/env/lib/python3.10/site-packages/selenium/webdriver/remote/webdriver.py\", line 354, in execute\n    self.error_handler.check_response(response)\n  File \"/home/abhyudayandugula/Desktop/CSC_Automation/env/lib/python3.10/site-packages/selenium/webdriver/remote/errorhandler.py\", line 229, in check_response\n    raise exception_class(message, screen, stacktrace)\n","flaky":false,"newFailed":false,"newBroken":false,"newPassed":false,"retriesCount":3,"retriesStatusChange":true,"beforeStages":[],"testStage":{"status":"broken","statusMessage":"selenium.common.exceptions.NoSuchElementException: Message: no such element: Unable to locate element: {\"method\":\"xpath\",\"selector\":\"/html/body/div[3]/div[3]/div[2]/div/div/div[1]/div/div/div/input\"}\n  (Session info: chrome=129.0.6668.100); For documentation on this error, please visit: https://www.selenium.dev/documentation/webdriver/troubleshooting/errors#no-such-element-exception\nStacktrace:\n#0 0x5cf60cb2db9a <unknown>\n#1 0x5cf60c813670 <unknown>\n#2 0x5cf60c862c48 <unknown>\n#3 0x5cf60c862ee1 <unknown>\n#4 0x5cf60c8a9924 <unknown>\n#5 0x5cf60c887bad <unknown>\n#6 0x5cf60c8a6dd6 <unknown>\n#7 0x5cf60c887923 <unknown>\n#8 0x5cf60c8556e7 <unknown>\n#9 0x5cf60c8566de <unknown>\n#10 0x5cf60caf766b <unknown>\n#11 0x5cf60cafb611 <unknown>\n#12 0x5cf60cae34e5 <unknown>\n#13 0x5cf60cafc192 <unknown>\n#14 0x5cf60cac86ef <unknown>\n#15 0x5cf60cb1c9d8 <unknown>\n#16 0x5cf60cb1cba7 <unknown>\n#17 0x5cf60cb2c9ec <unknown>\n#18 0x7a65bf494ac3 <unknown>\n\n","statusTrace":"  File \"/home/abhyudayandugula/Desktop/CSC_Automation/env/lib/python3.10/site-packages/behave/model.py\", line 1329, in run\n    match.run(runner.context)\n  File \"/home/abhyudayandugula/Desktop/CSC_Automation/env/lib/python3.10/site-packages/behave/matchers.py\", line 98, in run\n    self.func(context, *args, **kwargs)\n  File \"features/steps/createbasicworksheet.py\", line 143, in step_when_add_child_to_worksheet\n    child_name = context.driver.find_element(By.XPATH, \"/html/body/div[3]/div[3]/div[2]/div/div/div[1]/div/div/div/input\")\n  File \"/home/abhyudayandugula/Desktop/CSC_Automation/env/lib/python3.10/site-packages/selenium/webdriver/remote/webdriver.py\", line 748, in find_element\n    return self.execute(Command.FIND_ELEMENT, {\"using\": by, \"value\": value})[\"value\"]\n  File \"/home/abhyudayandugula/Desktop/CSC_Automation/env/lib/python3.10/site-packages/selenium/webdriver/remote/webdriver.py\", line 354, in execute\n    self.error_handler.check_response(response)\n  File \"/home/abhyudayandugula/Desktop/CSC_Automation/env/lib/python3.10/site-packages/selenium/webdriver/remote/errorhandler.py\", line 229, in check_response\n    raise exception_class(message, screen, stacktrace)\n","steps":[{"name":"When we input correct credentials \"admin@gmail.com\" and \"admin\" for basic worksheet","time":{"start":1729012849770,"stop":1729012858012,"duration":8242},"status":"passed","steps":[{"name":"Log (INFO) Navigated to login page","time":{"start":1729012857679,"stop":1729012857680,"duration":1},"status":"passed","steps":[],"attachments":[],"parameters":[],"stepsCount":0,"shouldDisplayMessage":false,"attachmentsCount":0,"hasContent":false,"attachmentStep":false}],"attachments":[],"parameters":[],"stepsCount":1,"shouldDisplayMessage":false,"attachmentsCount":0,"hasContent":true,"attachmentStep":false},{"name":"Then login will be successful for creating basic worksheet","time":{"start":1729012858013,"stop":1729012859601,"duration":1588},"status":"passed","steps":[{"name":"Log (INFO) Login is successful","time":{"start":1729012859601,"stop":1729012859601,"duration":0},"status":"passed","steps":[],"attachments":[],"parameters":[],"stepsCount":0,"shouldDisplayMessage":false,"attachmentsCount":0,"hasContent":false,"attachmentStep":false}],"attachments":[],"parameters":[],"stepsCount":1,"shouldDisplayMessage":false,"attachmentsCount":0,"hasContent":true,"attachmentStep":false},{"name":"When Wait for the parent element of the dropdown to be visible and Scroll to the worksheet dropdown parent and click for basic worksheet","time":{"start":1729012859601,"stop":1729012859653,"duration":52},"status":"passed","steps":[],"attachments":[],"parameters":[],"stepsCount":0,"shouldDisplayMessage":false,"attachmentsCount":0,"hasContent":false,"attachmentStep":false},{"name":"Then Wait until the dropdown options are visible and click the \"Create Worksheet\" option for basic worksheet","time":{"start":1729012859654,"stop":1729012862390,"duration":2736},"status":"passed","steps":[],"attachments":[],"parameters":[],"stepsCount":0,"shouldDisplayMessage":false,"attachmentsCount":0,"hasContent":false,"attachmentStep":false},{"name":"Then I fill the details in the basic information page for basic worksheet","time":{"start":1729012862390,"stop":1729012877550,"duration":15160},"status":"passed","steps":[],"attachments":[],"parameters":[],"stepsCount":0,"shouldDisplayMessage":false,"attachmentsCount":0,"hasContent":false,"attachmentStep":false},{"name":"Then I click add child button and add child details in basic worksheet","time":{"start":1729012877550,"stop":1729012879614,"duration":2064},"status":"broken","statusMessage":"selenium.common.exceptions.NoSuchElementException: Message: no such element: Unable to locate element: {\"method\":\"xpath\",\"selector\":\"/html/body/div[3]/div[3]/div[2]/div/div/div[1]/div/div/div/input\"}\n  (Session info: chrome=129.0.6668.100); For documentation on this error, please visit: https://www.selenium.dev/documentation/webdriver/troubleshooting/errors#no-such-element-exception\nStacktrace:\n#0 0x5cf60cb2db9a <unknown>\n#1 0x5cf60c813670 <unknown>\n#2 0x5cf60c862c48 <unknown>\n#3 0x5cf60c862ee1 <unknown>\n#4 0x5cf60c8a9924 <unknown>\n#5 0x5cf60c887bad <unknown>\n#6 0x5cf60c8a6dd6 <unknown>\n#7 0x5cf60c887923 <unknown>\n#8 0x5cf60c8556e7 <unknown>\n#9 0x5cf60c8566de <unknown>\n#10 0x5cf60caf766b <unknown>\n#11 0x5cf60cafb611 <unknown>\n#12 0x5cf60cae34e5 <unknown>\n#13 0x5cf60cafc192 <unknown>\n#14 0x5cf60cac86ef <unknown>\n#15 0x5cf60cb1c9d8 <unknown>\n#16 0x5cf60cb1cba7 <unknown>\n#17 0x5cf60cb2c9ec <unknown>\n#18 0x7a65bf494ac3 <unknown>\n\n","statusTrace":"  File \"/home/abhyudayandugula/Desktop/CSC_Automation/env/lib/python3.10/site-packages/behave/model.py\", line 1329, in run\n    match.run(runner.context)\n  File \"/home/abhyudayandugula/Desktop/CSC_Automation/env/lib/python3.10/site-packages/behave/matchers.py\", line 98, in run\n    self.func(context, *args, **kwargs)\n  File \"features/steps/createbasicworksheet.py\", line 143, in step_when_add_child_to_worksheet\n    child_name = context.driver.find_element(By.XPATH, \"/html/body/div[3]/div[3]/div[2]/div/div/div[1]/div/div/div/input\")\n  File \"/home/abhyudayandugula/Desktop/CSC_Automation/env/lib/python3.10/site-packages/selenium/webdriver/remote/webdriver.py\", line 748, in find_element\n    return self.execute(Command.FIND_ELEMENT, {\"using\": by, \"value\": value})[\"value\"]\n  File \"/home/abhyudayandugula/Desktop/CSC_Automation/env/lib/python3.10/site-packages/selenium/webdriver/remote/webdriver.py\", line 354, in execute\n    self.error_handler.check_response(response)\n  File \"/home/abhyudayandugula/Desktop/CSC_Automation/env/lib/python3.10/site-packages/selenium/webdriver/remote/errorhandler.py\", line 229, in check_response\n    raise exception_class(message, screen, stacktrace)\n","steps":[],"attachments":[],"parameters":[],"stepsCount":0,"shouldDisplayMessage":true,"attachmentsCount":0,"hasContent":true,"attachmentStep":false},{"name":"Then click on Gross income schedule A in basic worksheet","time":{"start":1729012879721,"stop":1729012879721,"duration":0},"status":"skipped","steps":[],"attachments":[],"parameters":[],"stepsCount":0,"shouldDisplayMessage":false,"attachmentsCount":0,"hasContent":false,"attachmentStep":false},{"name":"Then I redirect to Gross income schedule A and fill the gross income basic details","time":{"start":1729012879722,"stop":1729012879722,"duration":0},"status":"skipped","steps":[],"attachments":[],"parameters":[],"stepsCount":0,"shouldDisplayMessage":false,"attachmentsCount":0,"hasContent":false,"attachmentStep":false},{"name":"And I click the save worksheet button for basic worksheet","time":{"start":1729012879722,"stop":1729012879722,"duration":0},"status":"skipped","steps":[],"attachments":[],"parameters":[],"stepsCount":0,"shouldDisplayMessage":false,"attachmentsCount":0,"hasContent":false,"attachmentStep":false},{"name":"And I enter the description and click save for basic worksheet","time":{"start":1729012879722,"stop":1729012879722,"duration":0},"status":"skipped","steps":[],"attachments":[],"parameters":[],"stepsCount":0,"shouldDisplayMessage":false,"attachmentsCount":0,"hasContent":false,"attachmentStep":false},{"name":"And worksheet created succesfully for basic worksheet","time":{"start":1729012879722,"stop":1729012879722,"duration":0},"status":"skipped","steps":[],"attachments":[],"parameters":[],"stepsCount":0,"shouldDisplayMessage":false,"attachmentsCount":0,"hasContent":false,"attachmentStep":false}],"attachments":[],"parameters":[],"stepsCount":13,"shouldDisplayMessage":false,"attachmentsCount":0,"hasContent":true,"attachmentStep":false},"afterStages":[],"labels":[{"name":"severity","value":"normal"},{"name":"tag","value":"createbasicworksheet"},{"name":"feature","value":"child support login and Create basic Worksheet functionality"},{"name":"framework","value":"behave"},{"name":"language","value":"cpython3"},{"name":"resultFormat","value":"allure2"}],"parameters":[{"name":"login_id","value":"admin@gmail.com"},{"name":"password","value":"admin"}],"links":[],"hidden":false,"retry":false,"extra":{"severity":"normal","retries":[{"uid":"165eb6ba88db1535","status":"broken","statusDetails":"selenium.common.exceptions.NoSuchElementException: Message: no such element: Unable to locate element: {\"method\":\"xpath\",\"selector\":\"/html/body/div[3]/div[3]/div[2]/div/div/div[1]/div/div/div/input\"}\n  (Session info: chrome=129.0.6668.100); For documentation on this error, please visit: https://www.selenium.dev/documentation/webdriver/troubleshooting/errors#no-such-element-exception\nStacktrace:\n#0 0x586445f45b9a <unknown>\n#1 0x586445c2b670 <unknown>\n#2 0x586445c7ac48 <unknown>\n#3 0x586445c7aee1 <unknown>\n#4 0x586445cc1924 <unknown>\n#5 0x586445c9fbad <unknown>\n#6 0x586445cbedd6 <unknown>\n#7 0x586445c9f923 <unknown>\n#8 0x586445c6d6e7 <unknown>\n#9 0x586445c6e6de <unknown>\n#10 0x586445f0f66b <unknown>\n#11 0x586445f13611 <unknown>\n#12 0x586445efb4e5 <unknown>\n#13 0x586445f14192 <unknown>\n#14 0x586445ee06ef <unknown>\n#15 0x586445f349d8 <unknown>\n#16 0x586445f34ba7 <unknown>\n#17 0x586445f449ec <unknown>\n#18 0x717530294ac3 <unknown>\n\n","time":{"start":1729012490261,"stop":1729012523149,"duration":32888}},{"uid":"7e1e6de3090d080e","status":"passed","time":{"start":1729011794786,"stop":1729011841563,"duration":46777}},{"uid":"c85d83819787faeb","status":"broken","statusDetails":"selenium.common.exceptions.ElementClickInterceptedException: Message: element click intercepted: Element <input class=\"PrivateSwitchBase-input css-1m9pwf3\" name=\"type_of_action\" type=\"radio\" value=\"initial\"> is not clickable at point (761, 17). Other element would receive the click: <div class=\"MuiBox-root css-0\">...</div>\n  (Session info: chrome=129.0.6668.100)\nStacktrace:\n#0 0x5f49659b1b9a <unknown>\n#1 0x5f4965697670 <unknown>\n#2 0x5f49656ed8c6 <unknown>\n#3 0x5f49656eb7e6 <unknown>\n#4 0x5f49656e9297 <unknown>\n#5 0x5f49656e86a6 <unknown>\n#6 0x5f49656dbae8 <unknown>\n#7 0x5f496570bb82 <unknown>\n#8 0x5f49656db4c8 <unknown>\n#9 0x5f496570bd4e <unknown>\n#10 0x5f496572add6 <unknown>\n#11 0x5f496570b923 <unknown>\n#12 0x5f49656d96e7 <unknown>\n#13 0x5f49656da6de <unknown>\n#14 0x5f496597b66b <unknown>\n#15 0x5f496597f611 <unknown>\n#16 0x5f49659674e5 <unknown>\n#17 0x5f4965980192 <unknown>\n#18 0x5f496594c6ef <unknown>\n#19 0x5f49659a09d8 <unknown>\n#20 0x5f49659a0ba7 <unknown>\n#21 0x5f49659b09ec <unknown>\n#22 0x7209db694ac3 <unknown>\n\n","time":{"start":1729009890792,"stop":1729009919466,"duration":28674}}],"categories":[{"name":"Test defects","matchedStatuses":[],"flaky":false}],"tags":["createbasicworksheet"]},"source":"e0a5a506c7d6f810.json","parameterValues":["admin@gmail.com","admin"]}